\BOOKMARK [1][-]{section.1}{Education\040Background}{}% 1
\BOOKMARK [2][-]{subsection.1.1}{University\040of\040Edinburgh}{section.1}% 2
\BOOKMARK [2][-]{subsection.1.2}{Zhejiang\040University}{section.1}% 3
\BOOKMARK [2][-]{subsection.1.3}{of\040Finance\040&\040Ecomomics}{section.1}% 4
\BOOKMARK [1][-]{section.2}{Profile}{}% 5
\BOOKMARK [1][-]{section.3}{Skills}{}% 6
\BOOKMARK [2][-]{subsection.3.1}{Certificate}{section.3}% 7
\BOOKMARK [2][-]{subsection.3.2}{Domain}{section.3}% 8
\BOOKMARK [2][-]{subsection.3.3}{Projects}{section.3}% 9
\BOOKMARK [2][-]{subsection.3.4}{Skillset}{section.3}% 10
\BOOKMARK [2][-]{subsection.3.5}{Programming\040Language}{section.3}% 11
\BOOKMARK [1][-]{section.4}{Working\040Experience}{}% 12
\BOOKMARK [2][-]{subsection.4.1}{Emotibot\040Technologies\040Limited\040Shanghai,\040China}{section.4}% 13
\BOOKMARK [2][-]{subsection.4.2}{Standard\040Chartered\040Bank\040Ningo,\040China}{section.4}% 14
\BOOKMARK [2][-]{subsection.4.3}{Ningbo\040Economic\040&\040Information\040Commission\040Ningbo,\040China}{section.4}% 15
\BOOKMARK [2][-]{subsection.4.4}{Xerox\040Businiess\040Co.,\040Ltd.\040Ningbo,\040China}{section.4}% 16
\BOOKMARK [2][-]{subsection.4.5}{China\040Telecom\040Ningbo,\040China}{section.4}% 17
\BOOKMARK [1][-]{section.5}{Research\040Experience}{}% 18
\BOOKMARK [2][-]{subsection.5.1}{Recurrent\040Neural\040Network\040Acoustic\040Models}{section.5}% 19
\BOOKMARK [2][-]{subsection.5.2}{Design\040and\040Implementation\040of\040Credit\040Evaluation\040System\040in\040Commercial\040Banks}{section.5}% 20
