\BOOKMARK [1][-]{section.1}{教育经历}{}% 1
\BOOKMARK [2][-]{subsection.1.1}{英国爱丁堡大学}{section.1}% 2
\BOOKMARK [2][-]{subsection.1.2}{浙江财经大学}{section.1}% 3
\BOOKMARK [1][-]{section.2}{个人主页}{}% 4
\BOOKMARK [1][-]{section.3}{技术技能}{}% 5
\BOOKMARK [2][-]{subsection.3.1}{技术证书}{section.3}% 6
\BOOKMARK [2][-]{subsection.3.2}{技术领域}{section.3}% 7
\BOOKMARK [2][-]{subsection.3.3}{技术框架}{section.3}% 8
\BOOKMARK [2][-]{subsection.3.4}{编程语言}{section.3}% 9
\BOOKMARK [2][-]{subsection.3.5}{操作平台}{section.3}% 10
\BOOKMARK [2][-]{subsection.3.6}{语言技能}{section.3}% 11
\BOOKMARK [1][-]{section.4}{工作经历}{}% 12
\BOOKMARK [2][-]{subsection.4.1}{竹间智能科技（上海）有限公司 中国上海}{section.4}% 13
\BOOKMARK [2][-]{subsection.4.2}{渣打银行 中国宁波}{section.4}% 14
\BOOKMARK [2][-]{subsection.4.3}{宁波市信息产业局 中国宁波}{section.4}% 15
\BOOKMARK [2][-]{subsection.4.4}{施乐公司 中国宁波}{section.4}% 16
\BOOKMARK [2][-]{subsection.4.5}{中国电信 中国宁波}{section.4}% 17
\BOOKMARK [1][-]{section.5}{研究经历}{}% 18
\BOOKMARK [2][-]{subsection.5.1}{递归神经网络声学模型}{section.5}% 19
\BOOKMARK [2][-]{subsection.5.2}{商业银行信用评估系统的设计与实现}{section.5}% 20
